<?xml version="1.0" encoding="UTF-8"?>
<testng-results ignored="0" total="1" passed="1" failed="0" skipped="0">
  <reporter-output>
  </reporter-output>
  <suite started-at="2023-08-29T23:46:43 IST" name="Default suite" finished-at="2023-08-29T23:46:45 IST" duration-ms="1295">
    <groups>
    </groups>
    <test started-at="2023-08-29T23:46:43 IST" name="Default test" finished-at="2023-08-29T23:46:45 IST" duration-ms="1295">
      <class name="day3.LogginAPI">
        <test-method signature="testLog()[pri:0, instance:day3.LogginAPI@4d1c00d0]" started-at="2023-08-29T23:46:43 IST" name="testLog" finished-at="2023-08-29T23:46:45 IST" duration-ms="1267" status="PASS">
          <reporter-output>
          </reporter-output>
        </test-method> <!-- testLog -->
      </class> <!-- day3.LogginAPI -->
    </test> <!-- Default test -->
  </suite> <!-- Default suite -->
</testng-results>
