<?xml version="1.0" encoding="UTF-8"?>
<!-- Generated by org.testng.reporters.JUnitXMLReporter -->
<testsuite ignored="0" hostname="LAPTOP-8USUBBG6" failures="0" tests="6" name="API_Test" time="7.077" errors="0" timestamp="2023-09-05T13:30:02 IST">
  <testcase classname="day1.HTTPRequests" name="listSingleUser" time="2.494"/>
  <testcase classname="day1.HTTPRequests" name="createUser" time="0.87"/>
  <testcase classname="day1.HTTPRequests" name="updateUser" time="0.727"/>
  <testcase classname="day1.HTTPRequests" name="deleteUser" time="0.481"/>
  <testcase classname="day6.SchemaValidationClass" name="jsonSchema_Test" time="1.011"/>
  <testcase classname="day6.SchemaValidationClass" name="xmlSchema_Test" time="1.432"/>
</testsuite> <!-- API_Test -->
