<?xml version="1.0" encoding="UTF-8"?>
<!-- Generated by org.testng.reporters.JUnitXMLReporter -->
<testsuite ignored="0" hostname="LAPTOP-8USUBBG6" failures="0" tests="14" name="API_Test" time="10.295" errors="0" timestamp="2023-09-05T23:12:46 IST">
  <testcase classname="day1.HTTPRequests" name="listSingleUser" time="1.531"/>
  <testcase classname="day1.HTTPRequests" name="createUser" time="0.63"/>
  <testcase classname="day1.HTTPRequests" name="updateUser" time="0.432"/>
  <testcase classname="day1.HTTPRequests" name="deleteUser" time="0.373"/>
  <testcase classname="day6.SchemaValidationClass" name="jsonSchema_Test" time="0.452"/>
  <testcase classname="day6.SchemaValidationClass" name="xmlSchema_Test" time="0.425"/>
  <testcase classname="day6.SchemaValidationClass" name="jsonSchema_Test_ResponseVariable" time="0.108"/>
  <testcase classname="day7.AuthenticationAPI" name="basicAuthentication" time="1.545"/>
  <testcase classname="day7.AuthenticationAPI" name="digestAuthentication" time="1.375"/>
  <testcase classname="day7.AuthenticationAPI" name="preemptiveAuthentication" time="1.139"/>
  <testcase classname="day7.AuthenticationAPI" name="bearerTokenAuth" time="0.206"/>
  <testcase classname="day7.AuthenticationAPI" name="oauth_02_Auth" time="0.103"/>
  <testcase classname="day7.AuthenticationAPI" name="apiKeyAuth" time="0.119"/>
  <testcase classname="day8_api_Chaining.CreateUser" name="createUser" time="1.798"/>
</testsuite> <!-- API_Test -->
