<?xml version="1.0" encoding="UTF-8"?>
<!-- Generated by org.testng.reporters.JUnitXMLReporter -->
<testsuite ignored="0" hostname="LAPTOP-8USUBBG6" failures="0" tests="6" name="Default test" time="6.146" errors="0" timestamp="2023-09-05T23:10:29 IST">
  <testcase classname="day7.AuthenticationAPI" name="basicAuthentication" time="3.108"/>
  <testcase classname="day7.AuthenticationAPI" name="digestAuthentication" time="1.415"/>
  <testcase classname="day7.AuthenticationAPI" name="preemptiveAuthentication" time="1.089"/>
  <testcase classname="day7.AuthenticationAPI" name="bearerTokenAuth" time="0.197"/>
  <testcase classname="day7.AuthenticationAPI" name="oauth_02_Auth" time="0.193"/>
  <testcase classname="day7.AuthenticationAPI" name="apiKeyAuth" time="0.101"/>
</testsuite> <!-- Default test -->
