<?xml version="1.0" encoding="UTF-8"?>
<!-- Generated by org.testng.reporters.JUnitXMLReporter -->
<testsuite ignored="0" hostname="LAPTOP-8USUBBG6" failures="0" tests="4" name="Default test" time="7.264" errors="0" timestamp="2023-09-01T22:21:23 IST">
  <testcase classname="day1.HTTPRequests" name="listSingleUser" time="5.72"/>
  <testcase classname="day1.HTTPRequests" name="createUser" time="0.662"/>
  <testcase classname="day1.HTTPRequests" name="updateUser" time="0.366"/>
  <testcase classname="day1.HTTPRequests" name="deleteUser" time="0.473"/>
</testsuite> <!-- Default test -->
