<?xml version="1.0" encoding="UTF-8"?>
<!-- Generated by org.testng.reporters.JUnitXMLReporter -->
<testsuite ignored="0" hostname="LAPTOP-8USUBBG6" failures="0" tests="4" name="API_Test" time="3.332" errors="0" timestamp="2023-09-02T18:35:55 IST">
  <testcase classname="day1.HTTPRequests" name="listSingleUser" time="1.802"/>
  <testcase classname="day1.HTTPRequests" name="createUser" time="0.628"/>
  <testcase classname="day1.HTTPRequests" name="updateUser" time="0.53"/>
  <testcase classname="day1.HTTPRequests" name="deleteUser" time="0.341"/>
</testsuite> <!-- API_Test -->
