<?xml version="1.0" encoding="UTF-8"?>
<testng-results ignored="0" total="4" passed="4" failed="0" skipped="0">
  <reporter-output>
  </reporter-output>
  <suite started-at="2023-09-03T22:46:34 IST" name="APISuit" finished-at="2023-09-03T22:46:38 IST" duration-ms="3524">
    <groups>
    </groups>
    <test started-at="2023-09-03T22:46:34 IST" name="API_Test" finished-at="2023-09-03T22:46:38 IST" duration-ms="3524">
      <class name="day1.HTTPRequests">
        <test-method signature="listSingleUser()[pri:1, instance:day1.HTTPRequests@293a5bf6]" started-at="2023-09-03T22:46:34 IST" name="listSingleUser" finished-at="2023-09-03T22:46:36 IST" duration-ms="1977" status="PASS">
          <reporter-output>
          </reporter-output>
        </test-method> <!-- listSingleUser -->
        <test-method signature="createUser()[pri:2, instance:day1.HTTPRequests@293a5bf6]" started-at="2023-09-03T22:46:36 IST" name="createUser" finished-at="2023-09-03T22:46:37 IST" depends-on-methods="day1.HTTPRequests.listSingleUser" duration-ms="616" status="PASS">
          <reporter-output>
          </reporter-output>
        </test-method> <!-- createUser -->
        <test-method signature="updateUser()[pri:3, instance:day1.HTTPRequests@293a5bf6]" started-at="2023-09-03T22:46:37 IST" name="updateUser" finished-at="2023-09-03T22:46:37 IST" depends-on-methods="day1.HTTPRequests.createUser" duration-ms="534" status="PASS">
          <reporter-output>
          </reporter-output>
        </test-method> <!-- updateUser -->
        <test-method signature="deleteUser()[pri:3, instance:day1.HTTPRequests@293a5bf6]" started-at="2023-09-03T22:46:37 IST" name="deleteUser" finished-at="2023-09-03T22:46:38 IST" depends-on-methods="day1.HTTPRequests.updateUser" duration-ms="362" status="PASS">
          <reporter-output>
          </reporter-output>
        </test-method> <!-- deleteUser -->
      </class> <!-- day1.HTTPRequests -->
    </test> <!-- API_Test -->
  </suite> <!-- APISuit -->
</testng-results>
