<?xml version="1.0" encoding="UTF-8"?>
<testsuite xmlns:xsi="http://www.w3.org/2001/XMLSchema-instance" xsi:noNamespaceSchemaLocation="https://maven.apache.org/surefire/maven-surefire-plugin/xsd/surefire-test-report-3.0.xsd" version="3.0" name="TestSuite" time="7.434" tests="6" errors="0" skipped="0" failures="0">
  <properties>
[...]
</properties>
  <testcase name="listSingleUser" classname="day1.HTTPRequests" time="2.315">
    <system-out><![CDATA[HTTP/1.1 200 OK
Date: Tue, 05 Sep 2023 08:01:01 GMT
Content-Type: application/json; charset=utf-8
Transfer-Encoding: chunked
Connection: keep-alive
X-Powered-By: Express
Access-Control-Allow-Origin: *
Etag: W/"406-ut0vzoCuidvyMf8arZpMpJ6ZRDw"
Via: 1.1 vegur
Cache-Control: max-age=14400
CF-Cache-Status: HIT
Age: 2499
Report-To: {"endpoints":[{"url":"https:\/\/a.nel.cloudflare.com\/report\/v3?s=oiV6Cwb7zv8qP7bWOLcS97eWarBdZX0PkhUWG9y%2F9MngI%2F4raHJVn8Zy6YwOlaFpoNpbsPtUMsDHpHEHfP7Pk6wFHQVT%2BE1hcXHcDCKYyn9DMwA%2BNzrTwXxnPg%3D%3D"}],"group":"cf-nel","max_age":604800}
NEL: {"success_fraction":0,"report_to":"cf-nel","max_age":604800}
Vary: Accept-Encoding
Server: cloudflare
CF-RAY: 801cf121df7af317-BOM
Content-Encoding: gzip

{
    "page": 2,
    "per_page": 6,
    "total": 12,
    "total_pages": 2,
    "data": [
        {
            "id": 7,
            "email": "michael.lawson@reqres.in",
            "first_name": "Michael",
            "last_name": "Lawson",
            "avatar": "https://reqres.in/img/faces/7-image.jpg"
        },
        {
            "id": 8,
            "email": "lindsay.ferguson@reqres.in",
            "first_name": "Lindsay",
            "last_name": "Ferguson",
            "avatar": "https://reqres.in/img/faces/8-image.jpg"
        },
        {
            "id": 9,
            "email": "tobias.funke@reqres.in",
            "first_name": "Tobias",
            "last_name": "Funke",
            "avatar": "https://reqres.in/img/faces/9-image.jpg"
        },
        {
            "id": 10,
            "email": "byron.fields@reqres.in",
            "first_name": "Byron",
            "last_name": "Fields",
            "avatar": "https://reqres.in/img/faces/10-image.jpg"
        },
        {
            "id": 11,
            "email": "george.edwards@reqres.in",
            "first_name": "George",
            "last_name": "Edwards",
            "avatar": "https://reqres.in/img/faces/11-image.jpg"
        },
        {
            "id": 12,
            "email": "rachel.howell@reqres.in",
            "first_name": "Rachel",
            "last_name": "Howell",
            "avatar": "https://reqres.in/img/faces/12-image.jpg"
        }
    ],
    "support": {
        "url": "https://reqres.in/#support-heading",
        "text": "To keep ReqRes free, contributions towards server costs are appreciated!"
    }
}
]]></system-out>
    <system-err><![CDATA[SLF4J: No SLF4J providers were found.
SLF4J: Defaulting to no-operation (NOP) logger implementation
SLF4J: See https://www.slf4j.org/codes.html#noProviders for further details.
]]></system-err>
  </testcase>
  <testcase name="createUser" classname="day1.HTTPRequests" time="1.74">
    <system-out><![CDATA[Captured id --> 807
]]></system-out>
  </testcase>
  <testcase name="updateUser" classname="day1.HTTPRequests" time="0.604">
    <system-out><![CDATA[HTTP/1.1 200 OK
Date: Tue, 05 Sep 2023 08:01:04 GMT
Content-Type: application/json; charset=utf-8
Transfer-Encoding: chunked
Connection: keep-alive
X-Powered-By: Express
Access-Control-Allow-Origin: *
Etag: W/"4a-cXOgg9ARdZxAc5yfTumNaaIlXpI"
Via: 1.1 vegur
CF-Cache-Status: DYNAMIC
Report-To: {"endpoints":[{"url":"https:\/\/a.nel.cloudflare.com\/report\/v3?s=W%2FXu2k9z9uje%2FxGpC3UXvPyzppZMYzCDJ4z71Lm7m3Pcoi4NFuNt%2B%2FJ1GJLU%2F%2FjOb0FOTyuOE9BKXSq5FIQlAztIn3UVhgPNVPgYrln4IDEEzcyAiLF1eT6CFw%3D%3D"}],"group":"cf-nel","max_age":604800}
NEL: {"success_fraction":0,"report_to":"cf-nel","max_age":604800}
Vary: Accept-Encoding
Server: cloudflare
CF-RAY: 801cf1322d683cc3-BOM
Content-Encoding: gzip

{
    "name": "Someone",
    "job": "business",
    "updatedAt": "2023-09-05T08:01:04.553Z"
}
]]></system-out>
  </testcase>
  <testcase name="deleteUser" classname="day1.HTTPRequests" time="0.52">
    <system-out><![CDATA[HTTP/1.1 204 No Content
Date: Tue, 05 Sep 2023 08:01:05 GMT
Content-Length: 0
Connection: keep-alive
X-Powered-By: Express
Access-Control-Allow-Origin: *
Etag: W/"2-vyGp6PvFo4RvsFtPoIWeCReyIC8"
Via: 1.1 vegur
CF-Cache-Status: DYNAMIC
Report-To: {"endpoints":[{"url":"https:\/\/a.nel.cloudflare.com\/report\/v3?s=1J6RhsYhroQYJIwj0j8k6W4nH6uvYh6I%2BiBqllb6li%2Bmiyh9UubkcpF%2FeiwOq7v8peRA0ElIojP1b6smYExqUc%2Bh8yljijxjxcntGJf4W4FELfv7kVVs%2F797ig%3D%3D"}],"group":"cf-nel","max_age":604800}
NEL: {"success_fraction":0,"report_to":"cf-nel","max_age":604800}
Server: cloudflare
CF-RAY: 801cf1353b3747b4-BOM
<<---------Deleted Successfully-------------->>
]]></system-out>
  </testcase>
  <testcase name="jsonSchema_Test" classname="day6.SchemaValidationClass" time="1.184">
    <system-out><![CDATA[HTTP/1.1 200 OK
Date: Tue, 05 Sep 2023 08:01:05 GMT
Content-Type: application/json; charset=utf-8
Transfer-Encoding: chunked
Connection: keep-alive
Cache-Control: max-age=0, private, must-revalidate
etag: W/"a1ade06bb6d39effbb4af0a16a95327a"
referrer-policy: strict-origin-when-cross-origin
vary: Origin
x-content-type-options: nosniff
x-download-options: noopen
x-frame-options: SAMEORIGIN
x-links-current: https://gorest.co.in/public/v2/users?page=1
x-links-next: https://gorest.co.in/public/v2/users?page=2
x-links-previous: 
x-pagination-limit: 10
x-pagination-page: 1
x-pagination-pages: 293
x-pagination-total: 2930
x-permitted-cross-domain-policies: none
x-request-id: e8758ed4-348f-4989-9711-398b63a6ca25
x-runtime: 0.042863
x-xss-protection: 0
CF-Cache-Status: DYNAMIC
Report-To: {"endpoints":[{"url":"https:\/\/a.nel.cloudflare.com\/report\/v3?s=IsQFEzaXmPggboDAjJ0fXjvwNjmzIHDu5SkRDcZUBSzyGf8stpUT0tsANZJn4lbEXoRZJQ09%2BDlgBPnmtJAUgnZzallm99MvH89BzJJoVlbxu9lVgpjS8RbF%2BzybFIU%3D"}],"group":"cf-nel","max_age":604800}
NEL: {"success_fraction":0,"report_to":"cf-nel","max_age":604800}
Server: cloudflare
CF-RAY: 801cf13acf0a4489-SIN
Content-Encoding: gzip
alt-svc: h3=":443"; ma=86400

[
    {
        "id": 5104380,
        "name": "Rageshwari Shah II",
        "email": "shah_rageshwari_ii@corkery.test",
        "gender": "female",
        "status": "active"
    },
    {
        "id": 5104378,
        "name": "Agnivesh Ganaka",
        "email": "agnivesh_ganaka@braun.example",
        "gender": "female",
        "status": "inactive"
    },
    {
        "id": 5104377,
        "name": "Ahalya Dubashi",
        "email": "ahalya_dubashi@daniel.example",
        "gender": "female",
        "status": "active"
    },
    {
        "id": 5104374,
        "name": "Ananda Shukla",
        "email": "shukla_ananda@ullrich.example",
        "gender": "male",
        "status": "inactive"
    },
    {
        "id": 5104373,
        "name": "Chatur Ahuja",
        "email": "ahuja_chatur@effertz-murphy.test",
        "gender": "male",
        "status": "inactive"
    },
    {
        "id": 5104372,
        "name": "Dr. Ujjwal Khatri",
        "email": "khatri_ujjwal_dr@mclaughlin.example",
        "gender": "male",
        "status": "inactive"
    },
    {
        "id": 5104371,
        "name": "Pushti Bandopadhyay",
        "email": "pushti_bandopadhyay@mills.example",
        "gender": "male",
        "status": "inactive"
    },
    {
        "id": 5104370,
        "name": "Mandakini Iyengar IV",
        "email": "iyengar_mandakini_iv@bashirian.test",
        "gender": "male",
        "status": "active"
    },
    {
        "id": 5104367,
        "name": "Subodh Gowda",
        "email": "gowda_subodh@kuvalis-ohara.example",
        "gender": "male",
        "status": "active"
    },
    {
        "id": 5104366,
        "name": "Deeptimoyee Mehrotra",
        "email": "mehrotra_deeptimoyee@larson.example",
        "gender": "male",
        "status": "inactive"
    }
]
]]></system-out>
  </testcase>
  <testcase name="xmlSchema_Test" classname="day6.SchemaValidationClass" time="0.599">
    <system-out><![CDATA[<TravelerinformationResponse xmlns:xsd="http://www.w3.org/2001/XMLSchema" xmlns:xsi="http://www.w3.org/2001/XMLSchema-instance">
  <page>1</page>
  <per_page>10</per_page>
  <totalrecord>35506</totalrecord>
  <total_pages>3551</total_pages>
  <travelers>
    <Travelerinformation>
      <id>11133</id>
      <name>Developer</name>
      <email>Developer12@gmail.com</email>
      <adderes>USA</adderes>
      <createdat>0001-01-01T00:00:00</createdat>
    </Travelerinformation>
    <Travelerinformation>
      <id>11134</id>
      <name>AS</name>
      <email>qweqw@mail.ru</email>
      <adderes>USA</adderes>
      <createdat>0001-01-01T00:00:00</createdat>
    </Travelerinformation>
    <Travelerinformation>
      <id>11135</id>
      <name>vano</name>
      <email>van.19v@mail.ru</email>
      <adderes>USA</adderes>
      <createdat>0001-01-01T00:00:00</createdat>
    </Travelerinformation>
    <Travelerinformation>
      <id>11136</id>
      <name>Developer123</name>
      <email>Developer523@gmail.com</email>
      <adderes>USA</adderes>
      <createdat>0001-01-01T00:00:00</createdat>
    </Travelerinformation>
    <Travelerinformation>
      <id>11137</id>
      <name>Ashor</name>
      <email>ashot.vardanyan.2000@gmail.com</email>
      <adderes>USA</adderes>
      <createdat>0001-01-01T00:00:00</createdat>
    </Travelerinformation>
    <Travelerinformation>
      <id>11138</id>
      <name>1234</name>
      <email>ghag@mail.ru</email>
      <adderes>USA</adderes>
      <createdat>0001-01-01T00:00:00</createdat>
    </Travelerinformation>
    <Travelerinformation>
      <id>11139</id>
      <name>asdasd</name>
      <email>asdasd@dasda.asd</email>
      <adderes>USA</adderes>
      <createdat>0001-01-01T00:00:00</createdat>
    </Travelerinformation>
    <Travelerinformation>
      <id>11140</id>
      <name>da</name>
      <email>auriu@gmail.com</email>
      <adderes>USA</adderes>
      <createdat>0001-01-01T00:00:00</createdat>
    </Travelerinformation>
    <Travelerinformation>
      <id>11142</id>
      <name>asdasd</name>
      <email>qwwerrwerweeqw@mail.ru</email>
      <adderes>USA</adderes>
      <createdat>0001-01-01T00:00:00</createdat>
    </Travelerinformation>
    <Travelerinformation>
      <id>11143</id>
      <name>karen</name>
      <email>karen@mail.ru</email>
      <adderes>USA</adderes>
      <createdat>0001-01-01T00:00:00</createdat>
    </Travelerinformation>
  </travelers>
</TravelerinformationResponse>
]]></system-out>
  </testcase>
</testsuite>