<?xml version="1.0" encoding="UTF-8"?>
<testsuite xmlns:xsi="http://www.w3.org/2001/XMLSchema-instance" xsi:noNamespaceSchemaLocation="https://maven.apache.org/surefire/maven-surefire-plugin/xsd/surefire-test-report-3.0.xsd" version="3.0" name="TestSuite" time="10.717" tests="14" errors="0" skipped="0" failures="0">
  <properties>
[...]
</properties>
  <testcase name="listSingleUser" classname="day1.HTTPRequests" time="1.664">
    <system-out><![CDATA[HTTP/1.1 200 OK
Date: Tue, 05 Sep 2023 17:44:01 GMT
Content-Type: application/json; charset=utf-8
Transfer-Encoding: chunked
Connection: keep-alive
X-Powered-By: Express
Access-Control-Allow-Origin: *
Etag: W/"406-ut0vzoCuidvyMf8arZpMpJ6ZRDw"
Via: 1.1 vegur
Cache-Control: max-age=14400
CF-Cache-Status: HIT
Age: 5635
Report-To: {"endpoints":[{"url":"https:\/\/a.nel.cloudflare.com\/report\/v3?s=8czvUdXCHuPEVdTwrsQrDHVVGoWaTiX7x8TjRw7USx9SIoslSLab6wdV8nnZqxum8o4IpCbM37146LSzM4ZtT%2Be9aehqfdIpVPbSyhT7h%2F3RB6AgVYl92oHFGw%3D%3D"}],"group":"cf-nel","max_age":604800}
NEL: {"success_fraction":0,"report_to":"cf-nel","max_age":604800}
Vary: Accept-Encoding
Server: cloudflare
CF-RAY: 8020471e6fb2f480-BOM
Content-Encoding: gzip

{
    "page": 2,
    "per_page": 6,
    "total": 12,
    "total_pages": 2,
    "data": [
        {
            "id": 7,
            "email": "michael.lawson@reqres.in",
            "first_name": "Michael",
            "last_name": "Lawson",
            "avatar": "https://reqres.in/img/faces/7-image.jpg"
        },
        {
            "id": 8,
            "email": "lindsay.ferguson@reqres.in",
            "first_name": "Lindsay",
            "last_name": "Ferguson",
            "avatar": "https://reqres.in/img/faces/8-image.jpg"
        },
        {
            "id": 9,
            "email": "tobias.funke@reqres.in",
            "first_name": "Tobias",
            "last_name": "Funke",
            "avatar": "https://reqres.in/img/faces/9-image.jpg"
        },
        {
            "id": 10,
            "email": "byron.fields@reqres.in",
            "first_name": "Byron",
            "last_name": "Fields",
            "avatar": "https://reqres.in/img/faces/10-image.jpg"
        },
        {
            "id": 11,
            "email": "george.edwards@reqres.in",
            "first_name": "George",
            "last_name": "Edwards",
            "avatar": "https://reqres.in/img/faces/11-image.jpg"
        },
        {
            "id": 12,
            "email": "rachel.howell@reqres.in",
            "first_name": "Rachel",
            "last_name": "Howell",
            "avatar": "https://reqres.in/img/faces/12-image.jpg"
        }
    ],
    "support": {
        "url": "https://reqres.in/#support-heading",
        "text": "To keep ReqRes free, contributions towards server costs are appreciated!"
    }
}
]]></system-out>
    <system-err><![CDATA[SLF4J: No SLF4J providers were found.
SLF4J: Defaulting to no-operation (NOP) logger implementation
SLF4J: See https://www.slf4j.org/codes.html#noProviders for further details.
]]></system-err>
  </testcase>
  <testcase name="createUser" classname="day1.HTTPRequests" time="0.678">
    <system-out><![CDATA[Captured id --> 475
]]></system-out>
  </testcase>
  <testcase name="updateUser" classname="day1.HTTPRequests" time="0.407">
    <system-out><![CDATA[HTTP/1.1 200 OK
Date: Tue, 05 Sep 2023 17:44:02 GMT
Content-Type: application/json; charset=utf-8
Transfer-Encoding: chunked
Connection: keep-alive
X-Powered-By: Express
Access-Control-Allow-Origin: *
Etag: W/"4a-bvSHpVu9GlAf4KsAkDt0JYUZ6K8"
Via: 1.1 vegur
CF-Cache-Status: DYNAMIC
Report-To: {"endpoints":[{"url":"https:\/\/a.nel.cloudflare.com\/report\/v3?s=6MFoFXLJHIwiU%2BzloucVTJeAu3FcrqUGTuTX0PickOItTL1LEB42Rx5PrJU9s3qcXR2sAF3YiBRHsm0s6h%2FvIcFHetpv4rUH%2Farm82qb%2BhuwTfWHKsDm6qUI2Q%3D%3D"}],"group":"cf-nel","max_age":604800}
NEL: {"success_fraction":0,"report_to":"cf-nel","max_age":604800}
Vary: Accept-Encoding
Server: cloudflare
CF-RAY: 80204725dbbc1794-MAA
Content-Encoding: gzip

{
    "name": "Someone",
    "job": "business",
    "updatedAt": "2023-09-05T17:44:02.488Z"
}
]]></system-out>
  </testcase>
  <testcase name="deleteUser" classname="day1.HTTPRequests" time="0.339">
    <system-out><![CDATA[HTTP/1.1 204 No Content
Date: Tue, 05 Sep 2023 17:44:02 GMT
Content-Length: 0
Connection: keep-alive
X-Powered-By: Express
Access-Control-Allow-Origin: *
Etag: W/"2-vyGp6PvFo4RvsFtPoIWeCReyIC8"
Via: 1.1 vegur
CF-Cache-Status: DYNAMIC
Report-To: {"endpoints":[{"url":"https:\/\/a.nel.cloudflare.com\/report\/v3?s=qzJRRrZs%2BxQO0X5yX70F1YJScidH%2Bpcj6e76FlaOR3rdKs7rzu628zD%2F1gD8vzvJbFegJqGpeLzZ9bravMnoyeJ7%2FW3yP3m7uP%2FPACl%2BQa4LSv%2BFUqEkfJrtBQ%3D%3D"}],"group":"cf-nel","max_age":604800}
NEL: {"success_fraction":0,"report_to":"cf-nel","max_age":604800}
Server: cloudflare
CF-RAY: 802047289cd8f425-BOM
<<---------Deleted Successfully-------------->>
]]></system-out>
  </testcase>
  <testcase name="jsonSchema_Test" classname="day6.SchemaValidationClass" time="0.431">
    <system-out><![CDATA[HTTP/1.1 200 OK
Date: Tue, 05 Sep 2023 17:44:03 GMT
Content-Type: application/json; charset=utf-8
Transfer-Encoding: chunked
Connection: keep-alive
Cache-Control: max-age=0, private, must-revalidate
etag: W/"50ef210954b88faf3938339b2fbea579"
referrer-policy: strict-origin-when-cross-origin
vary: Origin
x-content-type-options: nosniff
x-download-options: noopen
x-frame-options: SAMEORIGIN
x-links-current: https://gorest.co.in/public/v2/users?page=1
x-links-next: https://gorest.co.in/public/v2/users?page=2
x-links-previous: 
x-pagination-limit: 10
x-pagination-page: 1
x-pagination-pages: 297
x-pagination-total: 2968
x-permitted-cross-domain-policies: none
x-request-id: 4d0841b7-7c2d-4122-ad15-60788837f4d7
x-runtime: 0.026041
x-xss-protection: 0
CF-Cache-Status: DYNAMIC
Report-To: {"endpoints":[{"url":"https:\/\/a.nel.cloudflare.com\/report\/v3?s=ihHUnZms%2BrAq5XTz2tzZtp0hHsGtlKRunvsu15OAyDIdto57x3x%2FePILABTXssztmcW%2BCpLxwQI6akbqQ5aIsNBQvIkOEOvdGL7ZCFA23cE%2BZW0tFG1uIf57WWptFhE%3D"}],"group":"cf-nel","max_age":604800}
NEL: {"success_fraction":0,"report_to":"cf-nel","max_age":604800}
Server: cloudflare
CF-RAY: 8020472af998f2ce-BOM
Content-Encoding: gzip
alt-svc: h3=":443"; ma=86400

[
    {
        "id": 5114515,
        "name": "Hiranya Devar",
        "email": "devar_hiranya@ryan.test",
        "gender": "male",
        "status": "active"
    },
    {
        "id": 5114512,
        "name": "Chinmayananda Johar",
        "email": "johar_chinmayananda@murphy.example",
        "gender": "male",
        "status": "active"
    },
    {
        "id": 5114511,
        "name": "Kannan Mehrotra",
        "email": "kannan_mehrotra@zboncak.test",
        "gender": "male",
        "status": "inactive"
    },
    {
        "id": 5114510,
        "name": "Dr. Bilva Tandon",
        "email": "dr_bilva_tandon@hoeger.test",
        "gender": "female",
        "status": "active"
    },
    {
        "id": 5114509,
        "name": "Prasanna Chopra",
        "email": "prasanna_chopra@hudson-smith.example",
        "gender": "male",
        "status": "inactive"
    },
    {
        "id": 5114508,
        "name": "Devangana Varma",
        "email": "varma_devangana@brown.example",
        "gender": "female",
        "status": "inactive"
    },
    {
        "id": 5114507,
        "name": "Charvi Arora",
        "email": "charvi_arora@rosenbaum.example",
        "gender": "male",
        "status": "inactive"
    },
    {
        "id": 5114506,
        "name": "Achalesvara Kakkar DVM",
        "email": "dvm_kakkar_achalesvara@rodriguez-keeling.example",
        "gender": "male",
        "status": "inactive"
    },
    {
        "id": 5114505,
        "name": "Trilokesh Varman",
        "email": "trilokesh_varman@wilkinson.example",
        "gender": "female",
        "status": "inactive"
    },
    {
        "id": 5114504,
        "name": "Dr. Gautam Nambeesan",
        "email": "nambeesan_gautam_dr@bailey-roob.test",
        "gender": "female",
        "status": "active"
    }
]
]]></system-out>
  </testcase>
  <testcase name="xmlSchema_Test" classname="day6.SchemaValidationClass" time="0.235">
    <system-out><![CDATA[<TravelerinformationResponse xmlns:xsd="http://www.w3.org/2001/XMLSchema" xmlns:xsi="http://www.w3.org/2001/XMLSchema-instance">
  <page>1</page>
  <per_page>10</per_page>
  <totalrecord>35675</totalrecord>
  <total_pages>3568</total_pages>
  <travelers>
    <Travelerinformation>
      <id>11133</id>
      <name>Developer</name>
      <email>Developer12@gmail.com</email>
      <adderes>USA</adderes>
      <createdat>0001-01-01T00:00:00</createdat>
    </Travelerinformation>
    <Travelerinformation>
      <id>11134</id>
      <name>AS</name>
      <email>qweqw@mail.ru</email>
      <adderes>USA</adderes>
      <createdat>0001-01-01T00:00:00</createdat>
    </Travelerinformation>
    <Travelerinformation>
      <id>11135</id>
      <name>vano</name>
      <email>van.19v@mail.ru</email>
      <adderes>USA</adderes>
      <createdat>0001-01-01T00:00:00</createdat>
    </Travelerinformation>
    <Travelerinformation>
      <id>11136</id>
      <name>Developer123</name>
      <email>Developer523@gmail.com</email>
      <adderes>USA</adderes>
      <createdat>0001-01-01T00:00:00</createdat>
    </Travelerinformation>
    <Travelerinformation>
      <id>11137</id>
      <name>Ashor</name>
      <email>ashot.vardanyan.2000@gmail.com</email>
      <adderes>USA</adderes>
      <createdat>0001-01-01T00:00:00</createdat>
    </Travelerinformation>
    <Travelerinformation>
      <id>11138</id>
      <name>1234</name>
      <email>ghag@mail.ru</email>
      <adderes>USA</adderes>
      <createdat>0001-01-01T00:00:00</createdat>
    </Travelerinformation>
    <Travelerinformation>
      <id>11139</id>
      <name>asdasd</name>
      <email>asdasd@dasda.asd</email>
      <adderes>USA</adderes>
      <createdat>0001-01-01T00:00:00</createdat>
    </Travelerinformation>
    <Travelerinformation>
      <id>11140</id>
      <name>da</name>
      <email>auriu@gmail.com</email>
      <adderes>USA</adderes>
      <createdat>0001-01-01T00:00:00</createdat>
    </Travelerinformation>
    <Travelerinformation>
      <id>11142</id>
      <name>asdasd</name>
      <email>qwwerrwerweeqw@mail.ru</email>
      <adderes>USA</adderes>
      <createdat>0001-01-01T00:00:00</createdat>
    </Travelerinformation>
    <Travelerinformation>
      <id>11143</id>
      <name>karen</name>
      <email>karen@mail.ru</email>
      <adderes>USA</adderes>
      <createdat>0001-01-01T00:00:00</createdat>
    </Travelerinformation>
  </travelers>
</TravelerinformationResponse>
]]></system-out>
  </testcase>
  <testcase name="jsonSchema_Test_ResponseVariable" classname="day6.SchemaValidationClass" time="0.172">
    <system-out><![CDATA[[{"id":5114515,"name":"Hiranya Devar","email":"devar_hiranya@ryan.test","gender":"male","status":"active"},{"id":5114512,"name":"Chinmayananda Johar","email":"johar_chinmayananda@murphy.example","gender":"male","status":"active"},{"id":5114511,"name":"Kannan Mehrotra","email":"kannan_mehrotra@zboncak.test","gender":"male","status":"inactive"},{"id":5114510,"name":"Dr. Bilva Tandon","email":"dr_bilva_tandon@hoeger.test","gender":"female","status":"active"},{"id":5114509,"name":"Prasanna Chopra","email":"prasanna_chopra@hudson-smith.example","gender":"male","status":"inactive"},{"id":5114508,"name":"Devangana Varma","email":"varma_devangana@brown.example","gender":"female","status":"inactive"},{"id":5114507,"name":"Charvi Arora","email":"charvi_arora@rosenbaum.example","gender":"male","status":"inactive"},{"id":5114506,"name":"Achalesvara Kakkar DVM","email":"dvm_kakkar_achalesvara@rodriguez-keeling.example","gender":"male","status":"inactive"},{"id":5114505,"name":"Trilokesh Varman","email":"trilokesh_varman@wilkinson.example","gender":"female","status":"inactive"},{"id":5114504,"name":"Dr. Gautam Nambeesan","email":"nambeesan_gautam_dr@bailey-roob.test","gender":"female","status":"active"}]
]]></system-out>
  </testcase>
  <testcase name="basicAuthentication" classname="day7.AuthenticationAPI" time="1.366">
    <system-out><![CDATA[HTTP/1.1 200 OK
Date: Tue, 05 Sep 2023 17:44:05 GMT
Content-Type: application/json; charset=utf-8
Content-Length: 27
Connection: keep-alive
ETag: W/"1b-o64KRFi1Uw+73hnrS1UFKUVInOY"
set-cookie: sails.sid=s%3A6EVK5FT1wokXB0IHj7DxwGazKHCyXkzN.aHt1i4v13nnJ9lh7jhiQptJkDRoU9waKx2m9a6%2BnZGM; Path=/; HttpOnly

{
    "authenticated": true
}
]]></system-out>
  </testcase>
  <testcase name="digestAuthentication" classname="day7.AuthenticationAPI" time="1.399">
    <system-out><![CDATA[HTTP/1.1 200 OK
Date: Tue, 05 Sep 2023 17:44:06 GMT
Content-Type: application/json; charset=utf-8
Content-Length: 27
Connection: keep-alive
ETag: W/"1b-o64KRFi1Uw+73hnrS1UFKUVInOY"
set-cookie: sails.sid=s%3ADYCNL2lEHRBvvfI-mwsDREdzXshnXR6U.rsfSTa6MdW8Db3ca6xzGvoLxU3MqgfbEhTzpy6wX2dg; Path=/; HttpOnly

{
    "authenticated": true
}
]]></system-out>
  </testcase>
  <testcase name="preemptiveAuthentication" classname="day7.AuthenticationAPI" time="1.184">
    <system-out><![CDATA[HTTP/1.1 200 OK
Date: Tue, 05 Sep 2023 17:44:07 GMT
Content-Type: application/json; charset=utf-8
Content-Length: 27
Connection: keep-alive
ETag: W/"1b-o64KRFi1Uw+73hnrS1UFKUVInOY"
set-cookie: sails.sid=s%3AXQgSJJZNdSCxpVqwt1bgd0xR7jSGC_ET.48ql1iHSPce%2Bk1eCzBJoMI29MPlcxbBc1xRoPQoGbAU; Path=/; HttpOnly

{
    "authenticated": true
}
]]></system-out>
  </testcase>
  <testcase name="bearerTokenAuth" classname="day7.AuthenticationAPI" time="0.199">
    <system-out><![CDATA[HTTP/1.1 200 OK
Date: Tue, 05 Sep 2023 17:44:07 GMT
Content-Type: application/json; charset=utf-8
Transfer-Encoding: chunked
Connection: keep-alive
Cache-Control: max-age=0, private, must-revalidate
etag: W/"d073ecc17dadc76b6bc749653fb7607e"
referrer-policy: strict-origin-when-cross-origin
vary: Origin
x-content-type-options: nosniff
x-download-options: noopen
x-frame-options: SAMEORIGIN
x-links-current: https://gorest.co.in/public/v2/users?page=1
x-links-next: https://gorest.co.in/public/v2/users?page=2
x-links-previous: 
x-pagination-limit: 10
x-pagination-page: 1
x-pagination-pages: 309
x-pagination-total: 3088
x-permitted-cross-domain-policies: none
x-ratelimit-limit: 90
x-ratelimit-remaining: 84
x-ratelimit-reset: 1
x-request-id: d7556b63-938c-4d53-9982-1ec06accbf4c
x-runtime: 0.067183
x-xss-protection: 0
CF-Cache-Status: DYNAMIC
Report-To: {"endpoints":[{"url":"https:\/\/a.nel.cloudflare.com\/report\/v3?s=l7pDiPWqXCPIC4fVq1%2B2YfvVvWJP%2FlSzKDzM%2FDACeZ7gotXyZGs7D27OjQstkLgTjeQbtK5TiJYW79uL6x1AkCxwclPx63V4L%2BBOvqv%2Bz%2BLL%2FPJtwQyI%2FuSOP9pU5wk%3D"}],"group":"cf-nel","max_age":604800}
NEL: {"success_fraction":0,"report_to":"cf-nel","max_age":604800}
Server: cloudflare
CF-RAY: 80204748cba6f41d-BOM
Content-Encoding: gzip
alt-svc: h3=":443"; ma=86400

[
    {
        "id": 5115237,
        "name": "Noel Leuschke",
        "email": "britany.wisozk@hotmail.com",
        "gender": "female",
        "status": "active"
    },
    {
        "id": 5115236,
        "name": "Major Schneider",
        "email": "kim.reichert@hotmail.com",
        "gender": "male",
        "status": "inactive"
    },
    {
        "id": 5115235,
        "name": "Lacey Mitchell",
        "email": "alvaro.rempel@yahoo.com",
        "gender": "female",
        "status": "active"
    },
    {
        "id": 5115234,
        "name": "Mary Hane",
        "email": "lashawnda.purdy@yahoo.com",
        "gender": "female",
        "status": "active"
    },
    {
        "id": 5115233,
        "name": "Elba Bernier II",
        "email": "cristopher.spencer@hotmail.com",
        "gender": "female",
        "status": "active"
    },
    {
        "id": 5115232,
        "name": "Josefina Dooley",
        "email": "madelene.zemlak@hotmail.com",
        "gender": "male",
        "status": "active"
    },
    {
        "id": 5115231,
        "name": "Gaylord Moen",
        "email": "maranda.krajcik@gmail.com",
        "gender": "female",
        "status": "inactive"
    },
    {
        "id": 5115229,
        "name": "Gala Treutel",
        "email": "johnnie.hessel@hotmail.com",
        "gender": "male",
        "status": "active"
    },
    {
        "id": 5115228,
        "name": "Alita Legros",
        "email": "isiah.block@hotmail.com",
        "gender": "male",
        "status": "inactive"
    },
    {
        "id": 5115227,
        "name": "Morton Crona I",
        "email": "glynis.hane@gmail.com",
        "gender": "male",
        "status": "inactive"
    }
]
]]></system-out>
  </testcase>
  <testcase name="oauth_02_Auth" classname="day7.AuthenticationAPI" time="0.141">
    <system-out><![CDATA[HTTP/1.1 200 OK
Date: Tue, 05 Sep 2023 17:44:08 GMT
Content-Type: application/json; charset=utf-8
Transfer-Encoding: chunked
Connection: keep-alive
Cache-Control: max-age=0, private, must-revalidate
etag: W/"50ef210954b88faf3938339b2fbea579"
referrer-policy: strict-origin-when-cross-origin
vary: Origin
x-content-type-options: nosniff
x-download-options: noopen
x-frame-options: SAMEORIGIN
x-links-current: https://gorest.co.in/public/v2/users?page=1
x-links-next: https://gorest.co.in/public/v2/users?page=2
x-links-previous: 
x-pagination-limit: 10
x-pagination-page: 1
x-pagination-pages: 297
x-pagination-total: 2968
x-permitted-cross-domain-policies: none
x-request-id: 866c8d9d-a948-4719-bb3a-20b9e8df1556
x-runtime: 0.024782
x-xss-protection: 0
CF-Cache-Status: DYNAMIC
Report-To: {"endpoints":[{"url":"https:\/\/a.nel.cloudflare.com\/report\/v3?s=KfQSyXdd4tbwZkUbYFKap04gdQB374YeY8sAT73gFoHdkRQvN%2BsNb7wxF0bHjJiQS6QMTQdh%2FUYbj5ojX89UQA7WTey4VJfKy9N5dAbRD2muPN2XvUauAvxaeLRDqJY%3D"}],"group":"cf-nel","max_age":604800}
NEL: {"success_fraction":0,"report_to":"cf-nel","max_age":604800}
Server: cloudflare
CF-RAY: 80204749fb99f2ba-BOM
Content-Encoding: gzip
alt-svc: h3=":443"; ma=86400

[
    {
        "id": 5114515,
        "name": "Hiranya Devar",
        "email": "devar_hiranya@ryan.test",
        "gender": "male",
        "status": "active"
    },
    {
        "id": 5114512,
        "name": "Chinmayananda Johar",
        "email": "johar_chinmayananda@murphy.example",
        "gender": "male",
        "status": "active"
    },
    {
        "id": 5114511,
        "name": "Kannan Mehrotra",
        "email": "kannan_mehrotra@zboncak.test",
        "gender": "male",
        "status": "inactive"
    },
    {
        "id": 5114510,
        "name": "Dr. Bilva Tandon",
        "email": "dr_bilva_tandon@hoeger.test",
        "gender": "female",
        "status": "active"
    },
    {
        "id": 5114509,
        "name": "Prasanna Chopra",
        "email": "prasanna_chopra@hudson-smith.example",
        "gender": "male",
        "status": "inactive"
    },
    {
        "id": 5114508,
        "name": "Devangana Varma",
        "email": "varma_devangana@brown.example",
        "gender": "female",
        "status": "inactive"
    },
    {
        "id": 5114507,
        "name": "Charvi Arora",
        "email": "charvi_arora@rosenbaum.example",
        "gender": "male",
        "status": "inactive"
    },
    {
        "id": 5114506,
        "name": "Achalesvara Kakkar DVM",
        "email": "dvm_kakkar_achalesvara@rodriguez-keeling.example",
        "gender": "male",
        "status": "inactive"
    },
    {
        "id": 5114505,
        "name": "Trilokesh Varman",
        "email": "trilokesh_varman@wilkinson.example",
        "gender": "female",
        "status": "inactive"
    },
    {
        "id": 5114504,
        "name": "Dr. Gautam Nambeesan",
        "email": "nambeesan_gautam_dr@bailey-roob.test",
        "gender": "female",
        "status": "active"
    }
]
]]></system-out>
  </testcase>
  <testcase name="apiKeyAuth" classname="day7.AuthenticationAPI" time="0.11">
    <system-out><![CDATA[HTTP/1.1 200 OK
Date: Tue, 05 Sep 2023 17:44:08 GMT
Content-Type: application/json; charset=utf-8
Transfer-Encoding: chunked
Connection: keep-alive
Cache-Control: max-age=0, private, must-revalidate
etag: W/"50ef210954b88faf3938339b2fbea579"
referrer-policy: strict-origin-when-cross-origin
vary: Origin
x-content-type-options: nosniff
x-download-options: noopen
x-frame-options: SAMEORIGIN
x-links-current: https://gorest.co.in/public/v2/users?page=1
x-links-next: https://gorest.co.in/public/v2/users?page=2
x-links-previous: 
x-pagination-limit: 10
x-pagination-page: 1
x-pagination-pages: 297
x-pagination-total: 2968
x-permitted-cross-domain-policies: none
x-request-id: c33af85f-ebdc-426e-8bc1-03f993594be2
x-runtime: 0.030079
x-xss-protection: 0
CF-Cache-Status: DYNAMIC
Report-To: {"endpoints":[{"url":"https:\/\/a.nel.cloudflare.com\/report\/v3?s=55kEee1TZEWaHay5aCRnlJe1DOQBBnGrp%2FThHiiOBXXzxLBtDNqsHStFBQxyhcqtB9WQBMcGEsOwzZcsfTbjYB%2B9ez%2FI5365LA3ZYZpI1c1cNXE2exge%2BpqH2BKYaE8%3D"}],"group":"cf-nel","max_age":604800}
NEL: {"success_fraction":0,"report_to":"cf-nel","max_age":604800}
Server: cloudflare
CF-RAY: 8020474a9d33a923-MAA
Content-Encoding: gzip
alt-svc: h3=":443"; ma=86400

[
    {
        "id": 5114515,
        "name": "Hiranya Devar",
        "email": "devar_hiranya@ryan.test",
        "gender": "male",
        "status": "active"
    },
    {
        "id": 5114512,
        "name": "Chinmayananda Johar",
        "email": "johar_chinmayananda@murphy.example",
        "gender": "male",
        "status": "active"
    },
    {
        "id": 5114511,
        "name": "Kannan Mehrotra",
        "email": "kannan_mehrotra@zboncak.test",
        "gender": "male",
        "status": "inactive"
    },
    {
        "id": 5114510,
        "name": "Dr. Bilva Tandon",
        "email": "dr_bilva_tandon@hoeger.test",
        "gender": "female",
        "status": "active"
    },
    {
        "id": 5114509,
        "name": "Prasanna Chopra",
        "email": "prasanna_chopra@hudson-smith.example",
        "gender": "male",
        "status": "inactive"
    },
    {
        "id": 5114508,
        "name": "Devangana Varma",
        "email": "varma_devangana@brown.example",
        "gender": "female",
        "status": "inactive"
    },
    {
        "id": 5114507,
        "name": "Charvi Arora",
        "email": "charvi_arora@rosenbaum.example",
        "gender": "male",
        "status": "inactive"
    },
    {
        "id": 5114506,
        "name": "Achalesvara Kakkar DVM",
        "email": "dvm_kakkar_achalesvara@rodriguez-keeling.example",
        "gender": "male",
        "status": "inactive"
    },
    {
        "id": 5114505,
        "name": "Trilokesh Varman",
        "email": "trilokesh_varman@wilkinson.example",
        "gender": "female",
        "status": "inactive"
    },
    {
        "id": 5114504,
        "name": "Dr. Gautam Nambeesan",
        "email": "nambeesan_gautam_dr@bailey-roob.test",
        "gender": "female",
        "status": "active"
    }
]
]]></system-out>
  </testcase>
  <testcase name="createUser" classname="day8_api_Chaining.CreateUser" time="1.89">
    <system-out><![CDATA[HTTP/1.1 201 Created
Date: Tue, 05 Sep 2023 17:44:08 GMT
Content-Type: application/json; charset=utf-8
Transfer-Encoding: chunked
Connection: keep-alive
Cache-Control: max-age=0, private, must-revalidate
etag: W/"60fd99355d831b1f43a6786364cbe196"
location: https://gorest.co.in/public/v2/users/5115238
referrer-policy: strict-origin-when-cross-origin
vary: Origin
x-content-type-options: nosniff
x-download-options: noopen
x-frame-options: SAMEORIGIN
x-permitted-cross-domain-policies: none
x-ratelimit-limit: 90
x-ratelimit-remaining: 89
x-ratelimit-reset: 2
x-request-id: f7653fda-f7b4-4af3-b248-f70350f0b451
x-runtime: 0.065044
x-xss-protection: 0
CF-Cache-Status: DYNAMIC
Report-To: {"endpoints":[{"url":"https:\/\/a.nel.cloudflare.com\/report\/v3?s=U1pAs9bbdhQTI5mHmGV3p9FxfTNBStOeQXLXADRhiN663RV8Qab85K7be%2F5%2BQ2oT%2BCVsEuubDzWGJ%2BDjmuNaqHErv9kI7QZHSybc3Khs56IeJtSd7R1%2BWuxQXZtZZf8%3D"}],"group":"cf-nel","max_age":604800}
NEL: {"success_fraction":0,"report_to":"cf-nel","max_age":604800}
Server: cloudflare
CF-RAY: 8020474c39f3f42d-BOM
alt-svc: h3=":443"; ma=86400

{
    "id": 5115238,
    "name": "Mrs. Thanh Volkman",
    "email": "rod.connelly@gmail.com",
    "gender": "female",
    "status": "inactive"
}
HTTP/1.1 201 Created
Date: Tue, 05 Sep 2023 17:44:08 GMT
Content-Type: application/json; charset=utf-8
Transfer-Encoding: chunked
Connection: keep-alive
Cache-Control: max-age=0, private, must-revalidate
etag: W/"b8c764d6b300dce098cb9e2c4f763983"
location: https://gorest.co.in/public/v2/users/5115239
referrer-policy: strict-origin-when-cross-origin
vary: Origin
x-content-type-options: nosniff
x-download-options: noopen
x-frame-options: SAMEORIGIN
x-permitted-cross-domain-policies: none
x-ratelimit-limit: 90
x-ratelimit-remaining: 88
x-ratelimit-reset: 2
x-request-id: 0b5a5a9c-8a18-4788-9f9d-e2880fc52499
x-runtime: 0.062821
x-xss-protection: 0
CF-Cache-Status: DYNAMIC
Report-To: {"endpoints":[{"url":"https:\/\/a.nel.cloudflare.com\/report\/v3?s=1EFjxINFdc83qyV%2FeOsQ7pM14eKRMmJ97wckP411JLhlIqxouRgEQa4MFnaSllrZaNq81Nw39wH603qzayzHpUSFGdbg3jO4jKcff5E%2FzsmRyNuCOxXGLvFt1cPL73Y%3D"}],"group":"cf-nel","max_age":604800}
NEL: {"success_fraction":0,"report_to":"cf-nel","max_age":604800}
Server: cloudflare
CF-RAY: 8020474dcfe7f2fb-BOM
alt-svc: h3=":443"; ma=86400

{
    "id": 5115239,
    "name": "Stanford Anderson",
    "email": "carlotta.boyer@yahoo.com",
    "gender": "female",
    "status": "active"
}
HTTP/1.1 201 Created
Date: Tue, 05 Sep 2023 17:44:08 GMT
Content-Type: application/json; charset=utf-8
Transfer-Encoding: chunked
Connection: keep-alive
Cache-Control: max-age=0, private, must-revalidate
etag: W/"d91829de8bc744d09b2fa4f6657e6bbc"
location: https://gorest.co.in/public/v2/users/5115240
referrer-policy: strict-origin-when-cross-origin
vary: Origin
x-content-type-options: nosniff
x-download-options: noopen
x-frame-options: SAMEORIGIN
x-permitted-cross-domain-policies: none
x-ratelimit-limit: 90
x-ratelimit-remaining: 87
x-ratelimit-reset: 3
x-request-id: b68ce34e-ae08-4a47-8218-74e131f256f5
x-runtime: 0.065864
x-xss-protection: 0
CF-Cache-Status: DYNAMIC
Report-To: {"endpoints":[{"url":"https:\/\/a.nel.cloudflare.com\/report\/v3?s=FOx7yzGzSgBAxuZjSlUuFxFfls8Uf9UH4w3OwtR03nFDBkPaViRJLE986cXwb4JjfPDp17wsuIvz855t8T2KH2DuUm9VsU4BseFQ2Ml31YmYx00ZDr8%2FfbfhoDl6rro%3D"}],"group":"cf-nel","max_age":604800}
NEL: {"success_fraction":0,"report_to":"cf-nel","max_age":604800}
Server: cloudflare
CF-RAY: 8020474ee886f29a-BOM
alt-svc: h3=":443"; ma=86400

{
    "id": 5115240,
    "name": "Ayesha Aufderhar",
    "email": "keira.will@hotmail.com",
    "gender": "male",
    "status": "active"
}
HTTP/1.1 201 Created
Date: Tue, 05 Sep 2023 17:44:09 GMT
Content-Type: application/json; charset=utf-8
Transfer-Encoding: chunked
Connection: keep-alive
Cache-Control: max-age=0, private, must-revalidate
etag: W/"d0c196acba0c4eab3e003956788689a9"
location: https://gorest.co.in/public/v2/users/5115241
referrer-policy: strict-origin-when-cross-origin
vary: Origin
x-content-type-options: nosniff
x-download-options: noopen
x-frame-options: SAMEORIGIN
x-permitted-cross-domain-policies: none
x-ratelimit-limit: 90
x-ratelimit-remaining: 86
x-ratelimit-reset: 4
x-request-id: 3a1ff12b-9039-4eaf-aedc-1ade64d250e1
x-runtime: 0.071326
x-xss-protection: 0
CF-Cache-Status: DYNAMIC
Report-To: {"endpoints":[{"url":"https:\/\/a.nel.cloudflare.com\/report\/v3?s=7yc0y1CwgJ3v4cyC3kZUnZXi%2B3x%2Ff%2Bh%2B3jzoFHZcia6ILCP8OTPwoa04Pl%2FeYW7jU6ZMIzwtuZ0dfvhIHNyzOeUfypETuGbiLlPqQRypqMkXwsjR6SyzbnxIFmD1DCE%3D"}],"group":"cf-nel","max_age":604800}
NEL: {"success_fraction":0,"report_to":"cf-nel","max_age":604800}
Server: cloudflare
CF-RAY: 802047506b7a1bcd-BOM
alt-svc: h3=":443"; ma=86400

{
    "id": 5115241,
    "name": "Nathan Graham",
    "email": "margarita.greenfelder@gmail.com",
    "gender": "female",
    "status": "active"
}
HTTP/1.1 201 Created
Date: Tue, 05 Sep 2023 17:44:09 GMT
Content-Type: application/json; charset=utf-8
Transfer-Encoding: chunked
Connection: keep-alive
Cache-Control: max-age=0, private, must-revalidate
etag: W/"ef3c4c071e736c13fe7c415d270dd674"
location: https://gorest.co.in/public/v2/users/5115242
referrer-policy: strict-origin-when-cross-origin
vary: Origin
x-content-type-options: nosniff
x-download-options: noopen
x-frame-options: SAMEORIGIN
x-permitted-cross-domain-policies: none
x-ratelimit-limit: 90
x-ratelimit-remaining: 85
x-ratelimit-reset: 4
x-request-id: ae01d68d-f776-49e0-94c3-6f946df4f6a2
x-runtime: 0.051826
x-xss-protection: 0
CF-Cache-Status: DYNAMIC
Report-To: {"endpoints":[{"url":"https:\/\/a.nel.cloudflare.com\/report\/v3?s=LBTrncVToh3wfha5t9qaogr8VGfUh8OyEZkEtAhSmBjD0XQpkSMr%2BaECzFsb69IYQN7ugr9oSPO%2BOEAG0oK1NWImHCBuQF00PeC9WroIxAm8Z8x2222PaHWGD87n7Ls%3D"}],"group":"cf-nel","max_age":604800}
NEL: {"success_fraction":0,"report_to":"cf-nel","max_age":604800}
Server: cloudflare
CF-RAY: 802047519bdbf48c-BOM
alt-svc: h3=":443"; ma=86400

{
    "id": 5115242,
    "name": "Marilu Hodkiewicz",
    "email": "joshua.maggio@hotmail.com",
    "gender": "female",
    "status": "inactive"
}
HTTP/1.1 201 Created
Date: Tue, 05 Sep 2023 17:44:09 GMT
Content-Type: application/json; charset=utf-8
Transfer-Encoding: chunked
Connection: keep-alive
Cache-Control: max-age=0, private, must-revalidate
etag: W/"498d711c9cae1f9d25d270d92d08e1c0"
location: https://gorest.co.in/public/v2/users/5115243
referrer-policy: strict-origin-when-cross-origin
vary: Origin
x-content-type-options: nosniff
x-download-options: noopen
x-frame-options: SAMEORIGIN
x-permitted-cross-domain-policies: none
x-ratelimit-limit: 90
x-ratelimit-remaining: 84
x-ratelimit-reset: 5
x-request-id: 0491c445-00f0-4635-b08b-a057524d0844
x-runtime: 0.041331
x-xss-protection: 0
CF-Cache-Status: DYNAMIC
Report-To: {"endpoints":[{"url":"https:\/\/a.nel.cloudflare.com\/report\/v3?s=0v9BYD%2FuJsDTSa4XobH6gJ1w6RuXq2ehNGpleW6qjF4Po6s5uIt5bcML2bbvXNhiZ%2BVmmXzn9PtCd9iwgCztQX%2Bu7EiDv8jVnGHR%2Bn0mFaCPf4JqcplGBLbHz0Q9YuM%3D"}],"group":"cf-nel","max_age":604800}
NEL: {"success_fraction":0,"report_to":"cf-nel","max_age":604800}
Server: cloudflare
CF-RAY: 80204752ac6df38c-BOM
alt-svc: h3=":443"; ma=86400

{
    "id": 5115243,
    "name": "Edward Homenick",
    "email": "rosy.nader@yahoo.com",
    "gender": "male",
    "status": "active"
}
HTTP/1.1 201 Created
Date: Tue, 05 Sep 2023 17:44:09 GMT
Content-Type: application/json; charset=utf-8
Transfer-Encoding: chunked
Connection: keep-alive
Cache-Control: max-age=0, private, must-revalidate
etag: W/"09ce8addc4e00de5cbea5e26f72606c9"
location: https://gorest.co.in/public/v2/users/5115244
referrer-policy: strict-origin-when-cross-origin
vary: Origin
x-content-type-options: nosniff
x-download-options: noopen
x-frame-options: SAMEORIGIN
x-permitted-cross-domain-policies: none
x-ratelimit-limit: 90
x-ratelimit-remaining: 83
x-ratelimit-reset: 6
x-request-id: 622a476f-3ed5-4f98-9fab-75de7d4e4275
x-runtime: 0.074372
x-xss-protection: 0
CF-Cache-Status: DYNAMIC
Report-To: {"endpoints":[{"url":"https:\/\/a.nel.cloudflare.com\/report\/v3?s=2mkfxVnWEnx%2F%2FuwFEALGfU4mT5b5irLHtabKW%2BVCRmECrv0Zlr%2B%2FYVFAdPnaVWbjPtSJHiHSslhKgCY%2BLGOvDTwNhXjMMWS1EWdjLR7ZRtdEVctaybrKWtYFF%2FUKxcQ%3D"}],"group":"cf-nel","max_age":604800}
NEL: {"success_fraction":0,"report_to":"cf-nel","max_age":604800}
Server: cloudflare
CF-RAY: 802047537991179c-MAA
alt-svc: h3=":443"; ma=86400

{
    "id": 5115244,
    "name": "Kevin Bergstrom",
    "email": "winter.mraz@hotmail.com",
    "gender": "female",
    "status": "inactive"
}
HTTP/1.1 201 Created
Date: Tue, 05 Sep 2023 17:44:09 GMT
Content-Type: application/json; charset=utf-8
Transfer-Encoding: chunked
Connection: keep-alive
Cache-Control: max-age=0, private, must-revalidate
etag: W/"8c2062bf63152089632eed368e7e1985"
location: https://gorest.co.in/public/v2/users/5115245
referrer-policy: strict-origin-when-cross-origin
vary: Origin
x-content-type-options: nosniff
x-download-options: noopen
x-frame-options: SAMEORIGIN
x-permitted-cross-domain-policies: none
x-ratelimit-limit: 90
x-ratelimit-remaining: 82
x-ratelimit-reset: 6
x-request-id: 773c59f4-9cde-44a9-a8cf-e413b2400dd8
x-runtime: 0.063872
x-xss-protection: 0
CF-Cache-Status: DYNAMIC
Report-To: {"endpoints":[{"url":"https:\/\/a.nel.cloudflare.com\/report\/v3?s=D%2BGTcCxtqvvatZge2LkdiDA3LBgvP%2B0QjNfIPF7xPOPL6JI2gA47h6POJDsa1KC%2BrQqaIrlt87OXnpNF1bTkcXvEzTcBSFitwvBDuU4fujqSJOiW2h1DECx7RQsfmHU%3D"}],"group":"cf-nel","max_age":604800}
NEL: {"success_fraction":0,"report_to":"cf-nel","max_age":604800}
Server: cloudflare
CF-RAY: 802047545aa1179c-MAA
alt-svc: h3=":443"; ma=86400

{
    "id": 5115245,
    "name": "Normand Jenkins PhD",
    "email": "desmond.braun@yahoo.com",
    "gender": "female",
    "status": "active"
}
HTTP/1.1 201 Created
Date: Tue, 05 Sep 2023 17:44:09 GMT
Content-Type: application/json; charset=utf-8
Transfer-Encoding: chunked
Connection: keep-alive
Cache-Control: max-age=0, private, must-revalidate
etag: W/"f968e8ae28674c75daca6aeeb32047dd"
location: https://gorest.co.in/public/v2/users/5115246
referrer-policy: strict-origin-when-cross-origin
vary: Origin
x-content-type-options: nosniff
x-download-options: noopen
x-frame-options: SAMEORIGIN
x-permitted-cross-domain-policies: none
x-ratelimit-limit: 90
x-ratelimit-remaining: 81
x-ratelimit-reset: 7
x-request-id: d174ae2f-a2cf-4295-ad7f-999053678055
x-runtime: 0.050872
x-xss-protection: 0
CF-Cache-Status: DYNAMIC
Report-To: {"endpoints":[{"url":"https:\/\/a.nel.cloudflare.com\/report\/v3?s=n4floMzE%2BMulJmgceFUZhTbLep8UDNLfmSWfTDAjgsQVUy0KrbsLmeBNNGotuuutubog8jXR7YuCdAD%2BCzCdb6THYF91lKS7xteAN99ndyTwlfq6LrLoyS1G%2B%2B2EwHc%3D"}],"group":"cf-nel","max_age":604800}
NEL: {"success_fraction":0,"report_to":"cf-nel","max_age":604800}
Server: cloudflare
CF-RAY: 802047556d9a1bc6-BOM
alt-svc: h3=":443"; ma=86400

{
    "id": 5115246,
    "name": "Viva Nicolas",
    "email": "margit.bruen@gmail.com",
    "gender": "female",
    "status": "active"
}
HTTP/1.1 201 Created
Date: Tue, 05 Sep 2023 17:44:10 GMT
Content-Type: application/json; charset=utf-8
Transfer-Encoding: chunked
Connection: keep-alive
Cache-Control: max-age=0, private, must-revalidate
etag: W/"9a5427d5b03bcf949696566c7619a15e"
location: https://gorest.co.in/public/v2/users/5115247
referrer-policy: strict-origin-when-cross-origin
vary: Origin
x-content-type-options: nosniff
x-download-options: noopen
x-frame-options: SAMEORIGIN
x-permitted-cross-domain-policies: none
x-ratelimit-limit: 90
x-ratelimit-remaining: 80
x-ratelimit-reset: 8
x-request-id: a5d85ba2-63e7-41a0-80c1-b70a6251e741
x-runtime: 0.047016
x-xss-protection: 0
CF-Cache-Status: DYNAMIC
Report-To: {"endpoints":[{"url":"https:\/\/a.nel.cloudflare.com\/report\/v3?s=IQjSZzqoOtp%2B0paxFGLj2RB1AJeTYYcN20xyrzPrhAqxWErGHJR23GMLvw6sfV3wtoFAMMEQSOflfytV%2B2wcd2CqZkKTfsjVAsC7AyoU3nT1Pahx1qqk6yQshTpJMqM%3D"}],"group":"cf-nel","max_age":604800}
NEL: {"success_fraction":0,"report_to":"cf-nel","max_age":604800}
Server: cloudflare
CF-RAY: 802047565ba5f2e6-BOM
alt-svc: h3=":443"; ma=86400

{
    "id": 5115247,
    "name": "Mrs. Freeman Gusikowski",
    "email": "alonso.damore@yahoo.com",
    "gender": "male",
    "status": "inactive"
}
]]></system-out>
  </testcase>
</testsuite>