<?xml version="1.0" encoding="UTF-8"?>
<testng-results ignored="0" total="6" passed="6" failed="0" skipped="0">
  <reporter-output>
  </reporter-output>
  <suite started-at="2023-09-05T13:30:54 IST" name="APISuit" finished-at="2023-09-05T13:31:01 IST" duration-ms="6994">
    <groups>
    </groups>
    <test started-at="2023-09-05T13:30:54 IST" name="API_Test" finished-at="2023-09-05T13:31:01 IST" duration-ms="6994">
      <class name="day6.SchemaValidationClass">
        <test-method signature="jsonSchema_Test()[pri:1, instance:day6.SchemaValidationClass@313ac989]" started-at="2023-09-05T13:30:59 IST" name="jsonSchema_Test" finished-at="2023-09-05T13:31:00 IST" duration-ms="1169" status="PASS">
          <reporter-output>
          </reporter-output>
        </test-method> <!-- jsonSchema_Test -->
        <test-method signature="xmlSchema_Test()[pri:2, instance:day6.SchemaValidationClass@313ac989]" started-at="2023-09-05T13:31:00 IST" name="xmlSchema_Test" finished-at="2023-09-05T13:31:01 IST" duration-ms="614" status="PASS">
          <reporter-output>
          </reporter-output>
        </test-method> <!-- xmlSchema_Test -->
      </class> <!-- day6.SchemaValidationClass -->
      <class name="day1.HTTPRequests">
        <test-method signature="listSingleUser()[pri:1, instance:day1.HTTPRequests@49e53c76]" started-at="2023-09-05T13:30:54 IST" name="listSingleUser" finished-at="2023-09-05T13:30:56 IST" duration-ms="2310" status="PASS">
          <reporter-output>
          </reporter-output>
        </test-method> <!-- listSingleUser -->
        <test-method signature="createUser()[pri:2, instance:day1.HTTPRequests@49e53c76]" started-at="2023-09-05T13:30:56 IST" name="createUser" finished-at="2023-09-05T13:30:58 IST" depends-on-methods="day1.HTTPRequests.listSingleUser" duration-ms="1728" status="PASS">
          <reporter-output>
          </reporter-output>
        </test-method> <!-- createUser -->
        <test-method signature="updateUser()[pri:3, instance:day1.HTTPRequests@49e53c76]" started-at="2023-09-05T13:30:58 IST" name="updateUser" finished-at="2023-09-05T13:30:58 IST" depends-on-methods="day1.HTTPRequests.createUser" duration-ms="617" status="PASS">
          <reporter-output>
          </reporter-output>
        </test-method> <!-- updateUser -->
        <test-method signature="deleteUser()[pri:3, instance:day1.HTTPRequests@49e53c76]" started-at="2023-09-05T13:30:58 IST" name="deleteUser" finished-at="2023-09-05T13:30:59 IST" depends-on-methods="day1.HTTPRequests.updateUser" duration-ms="520" status="PASS">
          <reporter-output>
          </reporter-output>
        </test-method> <!-- deleteUser -->
      </class> <!-- day1.HTTPRequests -->
    </test> <!-- API_Test -->
  </suite> <!-- APISuit -->
</testng-results>
