<?xml version="1.0" encoding="UTF-8"?>
<testng-results ignored="0" total="14" passed="14" failed="0" skipped="0">
  <reporter-output>
  </reporter-output>
  <suite started-at="2023-09-05T23:12:36 IST" name="APISuit" finished-at="2023-09-05T23:12:46 IST" duration-ms="10295">
    <groups>
    </groups>
    <test started-at="2023-09-05T23:12:36 IST" name="API_Test" finished-at="2023-09-05T23:12:46 IST" duration-ms="10295">
      <class name="day8_api_Chaining.CreateUser">
        <test-method signature="createUser()[pri:1, instance:day8_api_Chaining.CreateUser@65f095f8]" started-at="2023-09-05T23:12:44 IST" name="createUser" finished-at="2023-09-05T23:12:46 IST" duration-ms="1798" status="PASS">
          <reporter-output>
          </reporter-output>
        </test-method> <!-- createUser -->
      </class> <!-- day8_api_Chaining.CreateUser -->
      <class name="day6.SchemaValidationClass">
        <test-method signature="jsonSchema_Test()[pri:1, instance:day6.SchemaValidationClass@247bddad]" started-at="2023-09-05T23:12:39 IST" name="jsonSchema_Test" finished-at="2023-09-05T23:12:39 IST" duration-ms="452" status="PASS">
          <reporter-output>
          </reporter-output>
        </test-method> <!-- jsonSchema_Test -->
        <test-method signature="xmlSchema_Test()[pri:2, instance:day6.SchemaValidationClass@247bddad]" started-at="2023-09-05T23:12:39 IST" name="xmlSchema_Test" finished-at="2023-09-05T23:12:40 IST" duration-ms="425" status="PASS">
          <reporter-output>
          </reporter-output>
        </test-method> <!-- xmlSchema_Test -->
        <test-method signature="jsonSchema_Test_ResponseVariable()[pri:3, instance:day6.SchemaValidationClass@247bddad]" started-at="2023-09-05T23:12:40 IST" name="jsonSchema_Test_ResponseVariable" finished-at="2023-09-05T23:12:40 IST" duration-ms="108" status="PASS">
          <reporter-output>
          </reporter-output>
        </test-method> <!-- jsonSchema_Test_ResponseVariable -->
      </class> <!-- day6.SchemaValidationClass -->
      <class name="day7.AuthenticationAPI">
        <test-method signature="basicAuthentication()[pri:1, instance:day7.AuthenticationAPI@d35dea7]" started-at="2023-09-05T23:12:40 IST" name="basicAuthentication" finished-at="2023-09-05T23:12:42 IST" duration-ms="1545" status="PASS">
          <reporter-output>
          </reporter-output>
        </test-method> <!-- basicAuthentication -->
        <test-method signature="digestAuthentication()[pri:2, instance:day7.AuthenticationAPI@d35dea7]" started-at="2023-09-05T23:12:42 IST" name="digestAuthentication" finished-at="2023-09-05T23:12:43 IST" duration-ms="1375" status="PASS">
          <reporter-output>
          </reporter-output>
        </test-method> <!-- digestAuthentication -->
        <test-method signature="preemptiveAuthentication()[pri:3, instance:day7.AuthenticationAPI@d35dea7]" started-at="2023-09-05T23:12:43 IST" name="preemptiveAuthentication" finished-at="2023-09-05T23:12:44 IST" duration-ms="1139" status="PASS">
          <reporter-output>
          </reporter-output>
        </test-method> <!-- preemptiveAuthentication -->
        <test-method signature="bearerTokenAuth()[pri:4, instance:day7.AuthenticationAPI@d35dea7]" started-at="2023-09-05T23:12:44 IST" name="bearerTokenAuth" finished-at="2023-09-05T23:12:44 IST" duration-ms="206" status="PASS">
          <reporter-output>
          </reporter-output>
        </test-method> <!-- bearerTokenAuth -->
        <test-method signature="oauth_02_Auth()[pri:5, instance:day7.AuthenticationAPI@d35dea7]" started-at="2023-09-05T23:12:44 IST" name="oauth_02_Auth" finished-at="2023-09-05T23:12:44 IST" duration-ms="103" status="PASS">
          <reporter-output>
          </reporter-output>
        </test-method> <!-- oauth_02_Auth -->
        <test-method signature="apiKeyAuth()[pri:6, instance:day7.AuthenticationAPI@d35dea7]" started-at="2023-09-05T23:12:44 IST" name="apiKeyAuth" finished-at="2023-09-05T23:12:44 IST" duration-ms="119" status="PASS">
          <reporter-output>
          </reporter-output>
        </test-method> <!-- apiKeyAuth -->
      </class> <!-- day7.AuthenticationAPI -->
      <class name="day1.HTTPRequests">
        <test-method signature="listSingleUser()[pri:1, instance:day1.HTTPRequests@61322f9d]" started-at="2023-09-05T23:12:36 IST" name="listSingleUser" finished-at="2023-09-05T23:12:38 IST" duration-ms="1531" status="PASS">
          <reporter-output>
          </reporter-output>
        </test-method> <!-- listSingleUser -->
        <test-method signature="createUser()[pri:2, instance:day1.HTTPRequests@61322f9d]" started-at="2023-09-05T23:12:38 IST" name="createUser" finished-at="2023-09-05T23:12:38 IST" depends-on-methods="day1.HTTPRequests.listSingleUser" duration-ms="630" status="PASS">
          <reporter-output>
          </reporter-output>
        </test-method> <!-- createUser -->
        <test-method signature="updateUser()[pri:3, instance:day1.HTTPRequests@61322f9d]" started-at="2023-09-05T23:12:38 IST" name="updateUser" finished-at="2023-09-05T23:12:39 IST" depends-on-methods="day1.HTTPRequests.createUser" duration-ms="432" status="PASS">
          <reporter-output>
          </reporter-output>
        </test-method> <!-- updateUser -->
        <test-method signature="deleteUser()[pri:3, instance:day1.HTTPRequests@61322f9d]" started-at="2023-09-05T23:12:39 IST" name="deleteUser" finished-at="2023-09-05T23:12:39 IST" depends-on-methods="day1.HTTPRequests.updateUser" duration-ms="373" status="PASS">
          <reporter-output>
          </reporter-output>
        </test-method> <!-- deleteUser -->
      </class> <!-- day1.HTTPRequests -->
    </test> <!-- API_Test -->
  </suite> <!-- APISuit -->
</testng-results>
