<?xml version="1.0" encoding="UTF-8"?>
<!-- Generated by org.testng.reporters.JUnitXMLReporter -->
<testsuite ignored="0" hostname="LAPTOP-8USUBBG6" failures="0" tests="14" name="API_Test" time="10.246" errors="0" timestamp="2023-09-05T23:14:10 IST">
  <testcase classname="day1.HTTPRequests" name="listSingleUser" time="1.664"/>
  <testcase classname="day1.HTTPRequests" name="createUser" time="0.663"/>
  <testcase classname="day1.HTTPRequests" name="updateUser" time="0.414"/>
  <testcase classname="day1.HTTPRequests" name="deleteUser" time="0.347"/>
  <testcase classname="day6.SchemaValidationClass" name="jsonSchema_Test" time="0.415"/>
  <testcase classname="day6.SchemaValidationClass" name="xmlSchema_Test" time="0.251"/>
  <testcase classname="day6.SchemaValidationClass" name="jsonSchema_Test_ResponseVariable" time="0.169"/>
  <testcase classname="day7.AuthenticationAPI" name="basicAuthentication" time="1.368"/>
  <testcase classname="day7.AuthenticationAPI" name="digestAuthentication" time="1.386"/>
  <testcase classname="day7.AuthenticationAPI" name="preemptiveAuthentication" time="1.197"/>
  <testcase classname="day7.AuthenticationAPI" name="bearerTokenAuth" time="0.198"/>
  <testcase classname="day7.AuthenticationAPI" name="oauth_02_Auth" time="0.129"/>
  <testcase classname="day7.AuthenticationAPI" name="apiKeyAuth" time="0.106"/>
  <testcase classname="day8_api_Chaining.CreateUser" name="createUser" time="1.906"/>
</testsuite> <!-- API_Test -->
