<?xml version="1.0" encoding="UTF-8"?>
<!-- Generated by org.testng.reporters.JUnitXMLReporter -->
<testsuite ignored="0" hostname="LAPTOP-8USUBBG6" failures="0" tests="4" name="API_Test" time="3.524" errors="0" timestamp="2023-09-03T22:46:38 IST">
  <testcase classname="day1.HTTPRequests" name="listSingleUser" time="1.977"/>
  <testcase classname="day1.HTTPRequests" name="createUser" time="0.616"/>
  <testcase classname="day1.HTTPRequests" name="updateUser" time="0.534"/>
  <testcase classname="day1.HTTPRequests" name="deleteUser" time="0.362"/>
</testsuite> <!-- API_Test -->
