<?xml version="1.0" encoding="UTF-8"?>
<!-- Generated by org.testng.reporters.JUnitXMLReporter -->
<testsuite ignored="0" hostname="LAPTOP-8USUBBG6" failures="0" tests="4" name="API_Test" time="4.274" errors="0" timestamp="2023-09-02T18:23:49 IST">
  <testcase classname="day1.HTTPRequests" name="listSingleUser" time="2.13"/>
  <testcase classname="day1.HTTPRequests" name="createUser" time="0.966"/>
  <testcase classname="day1.HTTPRequests" name="updateUser" time="0.71"/>
  <testcase classname="day1.HTTPRequests" name="deleteUser" time="0.423"/>
</testsuite> <!-- API_Test -->
